<?xml version="1.0" encoding="UTF-8"?>
<!-- Generated by org.testng.reporters.JUnitReportReporter -->
<testsuite hostname="DESKTOP-K07DJQT" failures="0" tests="1" name="test.com.ResizeTest" time="26.610" errors="0" timestamp="1 Dec 2022 04:58:32 GMT">
  <testcase classname="test.com.ResizeTest" name="testResizePage" time="26.610"/>
</testsuite> <!-- test.com.ResizeTest -->
